SF:lib\core\helpers\string_helper.dart
DA:10,1
DA:12,1
DA:13,2
LF:3
LH:3
end_of_record
SF:lib\core\converters\contact.dart
DA:6,1
DA:7,1
DA:8,2
DA:10,1
DA:11,2
DA:13,2
LF:6
LH:6
end_of_record
SF:lib\domain\entities\contact.dart
DA:8,10
DA:14,5
DA:15,20
LF:3
LH:3
end_of_record
SF:lib\data\models\contact_model.g.dart
DA:13,0
DA:15,0
DA:16,0
DA:17,0
DA:19,0
DA:20,0
DA:21,0
DA:22,0
DA:26,0
DA:29,0
DA:30,0
DA:31,0
DA:32,0
DA:33,0
DA:34,0
DA:35,0
DA:38,0
DA:39,0
DA:41,0
DA:44,0
DA:45,0
DA:46,0
LF:22
LH:0
end_of_record
SF:lib\data\models\contact_model.dart
DA:20,3
DA:25,3
DA:31,2
DA:32,14
DA:35,2
DA:36,2
DA:37,2
DA:38,2
DA:39,2
LF:9
LH:9
end_of_record
SF:lib\domain\usecases\contact\update_contact.dart
DA:11,1
DA:14,1
DA:15,4
DA:22,2
DA:24,2
DA:25,4
LF:6
LH:6
end_of_record
SF:lib\core\errors\failures.dart
DA:4,7
DA:5,7
LF:2
LH:2
end_of_record
SF:lib\domain\usecases\contact\remove_contact.dart
DA:10,1
DA:13,1
DA:14,4
DA:21,2
DA:23,2
DA:24,4
LF:6
LH:6
end_of_record
SF:lib\domain\usecases\contact\get_contacts_by_filter.dart
DA:12,1
DA:15,1
DA:16,4
DA:23,2
DA:25,1
DA:26,2
LF:6
LH:6
end_of_record
SF:lib\domain\usecases\contact\get_all_contacts.dart
DA:11,1
DA:14,1
DA:15,3
LF:3
LH:3
end_of_record
SF:lib\domain\usecases\contact\add_contact.dart
DA:11,1
DA:14,1
DA:15,4
DA:22,2
DA:24,2
DA:25,4
LF:6
LH:6
end_of_record
SF:lib\core\constants\hive_boxes.dart
DA:2,1
LF:1
LH:1
end_of_record
SF:lib\data\datasources\local\contact_local_datasource.dart
DA:22,1
DA:25,1
DA:26,2
DA:27,2
DA:28,6
DA:32,1
DA:33,2
DA:34,1
DA:35,1
DA:36,2
DA:37,2
DA:43,1
DA:44,2
DA:45,1
DA:46,1
DA:47,2
DA:48,6
DA:49,2
DA:56,1
DA:57,2
DA:58,1
DA:60,2
DA:61,1
DA:63,1
DA:67,1
DA:72,1
DA:73,2
DA:74,1
DA:76,2
DA:77,2
DA:82,1
DA:84,8
DA:87,1
DA:88,4
LF:34
LH:34
end_of_record
SF:lib\data\mappers\contact_mapper.dart
DA:5,0
DA:6,0
DA:7,0
DA:8,0
DA:9,0
DA:13,1
DA:14,1
DA:15,1
DA:16,1
DA:17,1
LF:10
LH:5
end_of_record
SF:lib\data\repositories\contact_repository_impl.dart
DA:11,1
DA:14,1
DA:16,3
DA:17,2
DA:18,1
DA:19,2
DA:21,2
DA:26,1
DA:28,3
DA:29,1
DA:30,1
DA:31,2
DA:33,2
DA:38,1
DA:40,3
DA:41,1
DA:42,1
DA:43,2
DA:45,2
DA:50,1
DA:52,3
DA:53,2
DA:54,1
DA:55,2
DA:56,1
DA:57,2
DA:59,2
DA:64,1
DA:66,3
DA:67,2
DA:68,1
DA:69,2
DA:70,1
DA:71,2
DA:73,2
LF:35
LH:35
end_of_record
SF:lib\core\constants\error_messages.dart
DA:2,1
DA:3,1
DA:4,1
DA:5,1
LF:4
LH:4
end_of_record
SF:lib\presentation\contacts\controller\contact_controller_bloc.dart
DA:25,1
DA:32,2
DA:33,2
DA:34,1
DA:35,4
DA:36,6
DA:37,4
DA:38,1
DA:39,4
DA:40,3
DA:45,1
DA:46,5
DA:47,1
DA:48,4
DA:49,3
DA:53,1
DA:55,5
DA:56,6
DA:57,4
DA:58,1
DA:59,4
DA:60,3
DA:65,1
DA:66,4
DA:67,1
DA:68,4
DA:69,3
DA:73,1
DA:74,5
DA:75,1
DA:76,4
DA:77,3
DA:83,1
DA:84,1
DA:85,1
DA:86,1
DA:87,1
DA:88,1
DA:89,1
DA:90,1
DA:92,1
LF:41
LH:41
end_of_record
SF:lib\presentation\contacts\controller\contact_controller_bloc_events.dart
DA:4,1
DA:6,0
DA:7,0
DA:14,1
DA:19,0
DA:20,0
DA:26,1
DA:28,0
DA:29,0
DA:37,1
DA:43,0
DA:44,0
DA:52,1
DA:54,0
DA:55,0
LF:15
LH:5
end_of_record
SF:lib\presentation\contacts\controller\contact_controller_bloc_states.dart
DA:4,1
DA:6,1
DA:7,1
DA:19,1
DA:21,1
DA:22,2
DA:28,1
DA:30,1
DA:31,2
LF:9
LH:9
end_of_record
