SF:lib\domain\entities\common\search_filter.dart
DA:7,2
DA:12,1
DA:13,3
LF:3
LH:3
end_of_record
SF:lib\domain\entities\contact.dart
DA:8,5
DA:14,1
DA:15,4
LF:3
LH:3
end_of_record
SF:lib\core\errors\failures.dart
DA:4,5
DA:5,5
LF:2
LH:2
end_of_record
SF:lib\domain\usecases\contact\get_all_contacts.dart
DA:11,1
DA:14,1
DA:15,3
LF:3
LH:3
end_of_record
SF:lib\domain\usecases\contact\add_contact.dart
DA:11,1
DA:14,1
DA:15,4
DA:22,1
DA:24,1
DA:25,2
LF:6
LH:6
end_of_record
SF:lib\domain\usecases\contact\get_contacts_by_filter.dart
DA:13,1
DA:16,1
DA:17,4
DA:24,1
DA:26,1
DA:27,2
LF:6
LH:6
end_of_record
SF:lib\domain\usecases\contact\remove_contact.dart
DA:10,1
DA:13,1
DA:14,4
DA:21,1
DA:23,1
DA:24,2
LF:6
LH:6
end_of_record
SF:lib\domain\usecases\contact\update_contact.dart
DA:11,1
DA:14,1
DA:15,4
DA:22,1
DA:24,1
DA:25,2
LF:6
LH:6
end_of_record
